{"level":"info","message":"Hello From acquisitions!","service":"acquisitions-api","timestamp":"2025-11-03T22:30:57.037Z"}
{"level":"info","message":"::1 - - [03/Nov/2025:22:30:57 +0000] \"GET / HTTP/1.1\" 304 - \"-\" \"Mozilla/5.0 (Windows NT 10.0; Win64; x64) AppleWebKit/537.36 (KHTML, like Gecko) Chrome/141.0.0.0 Safari/537.36\"","service":"acquisitions-api","timestamp":"2025-11-03T22:30:57.056Z"}
{"level":"info","message":"Hello From acquisitions!","service":"acquisitions-api","timestamp":"2025-11-03T22:38:51.378Z"}
{"level":"info","message":"::1 - - [03/Nov/2025:22:38:51 +0000] \"GET / HTTP/1.1\" 304 - \"-\" \"Mozilla/5.0 (Windows NT 10.0; Win64; x64) AppleWebKit/537.36 (KHTML, like Gecko) Chrome/141.0.0.0 Safari/537.36\"","service":"acquisitions-api","timestamp":"2025-11-03T22:38:51.388Z"}
{"level":"info","message":"Hello From acquisitions!","service":"acquisitions-api","timestamp":"2025-11-03T22:38:52.657Z"}
{"level":"info","message":"::1 - - [03/Nov/2025:22:38:52 +0000] \"GET / HTTP/1.1\" 304 - \"-\" \"Mozilla/5.0 (Windows NT 10.0; Win64; x64) AppleWebKit/537.36 (KHTML, like Gecko) Chrome/141.0.0.0 Safari/537.36\"","service":"acquisitions-api","timestamp":"2025-11-03T22:38:52.660Z"}
{"level":"info","message":"Hello From acquisitions!","service":"acquisitions-api","timestamp":"2025-11-03T22:39:11.229Z"}
{"level":"info","message":"::1 - - [03/Nov/2025:22:39:11 +0000] \"GET / HTTP/1.1\" 304 - \"-\" \"Mozilla/5.0 (Windows NT 10.0; Win64; x64) AppleWebKit/537.36 (KHTML, like Gecko) Chrome/141.0.0.0 Safari/537.36\"","service":"acquisitions-api","timestamp":"2025-11-03T22:39:11.257Z"}
{"level":"info","message":"Hello From acquisitions!","service":"acquisitions-api","timestamp":"2025-11-03T22:40:27.072Z"}
{"level":"info","message":"::1 - - [03/Nov/2025:22:40:27 +0000] \"GET / HTTP/1.1\" 200 24 \"-\" \"HTTPie\"","service":"acquisitions-api","timestamp":"2025-11-03T22:40:27.076Z"}
{"level":"info","message":"::1 - - [03/Nov/2025:22:41:17 +0000] \"GET /api HTTP/1.1\" 200 42 \"-\" \"HTTPie\"","service":"acquisitions-api","timestamp":"2025-11-03T22:41:17.949Z"}
{"level":"info","message":"::1 - - [03/Nov/2025:22:41:25 +0000] \"GET /helth HTTP/1.1\" 404 144 \"-\" \"HTTPie\"","service":"acquisitions-api","timestamp":"2025-11-03T22:41:25.469Z"}
{"level":"info","message":"::1 - - [03/Nov/2025:22:41:31 +0000] \"GET /health HTTP/1.1\" 200 74 \"-\" \"HTTPie\"","service":"acquisitions-api","timestamp":"2025-11-03T22:41:31.018Z"}
{"level":"info","message":"::1 - - [03/Nov/2025:22:41:46 +0000] \"POST /api/sign-in HTTP/1.1\" 404 151 \"-\" \"HTTPie\"","service":"acquisitions-api","timestamp":"2025-11-03T22:41:46.875Z"}
{"level":"info","message":"::1 - - [03/Nov/2025:22:42:00 +0000] \"POST /api/auth/sign-in HTTP/1.1\" 200 31 \"-\" \"HTTPie\"","service":"acquisitions-api","timestamp":"2025-11-03T22:42:00.568Z"}
{"level":"info","message":"::1 - - [03/Nov/2025:23:13:51 +0000] \"POST /api/auth/sign-up HTTP/1.1\" 400 59 \"-\" \"HTTPie\"","service":"acquisitions-api","timestamp":"2025-11-03T23:13:51.123Z"}
{"level":"info","message":"::1 - - [03/Nov/2025:23:16:25 +0000] \"POST /api/auth/sign-up HTTP/1.1\" 400 59 \"-\" \"HTTPie\"","service":"acquisitions-api","timestamp":"2025-11-03T23:16:25.501Z"}
{"level":"info","message":"::1 - - [03/Nov/2025:23:18:03 +0000] \"POST /api/auth/sign-up HTTP/1.1\" 400 59 \"-\" \"HTTPie\"","service":"acquisitions-api","timestamp":"2025-11-03T23:18:03.398Z"}
{"level":"info","message":"::1 - - [03/Nov/2025:23:18:26 +0000] \"POST /api/auth/sign-up HTTP/1.1\" 400 59 \"-\" \"HTTPie\"","service":"acquisitions-api","timestamp":"2025-11-03T23:18:26.180Z"}
{"level":"info","message":"::1 - - [03/Nov/2025:23:19:41 +0000] \"POST /api/auth/sign-up HTTP/1.1\" 400 59 \"-\" \"HTTPie\"","service":"acquisitions-api","timestamp":"2025-11-03T23:19:41.270Z"}
{"level":"info","message":"::1 - - [03/Nov/2025:23:19:48 +0000] \"POST /api/auth/sign-up HTTP/1.1\" 400 59 \"-\" \"HTTPie\"","service":"acquisitions-api","timestamp":"2025-11-03T23:19:48.250Z"}
{"level":"info","message":"::1 - - [03/Nov/2025:23:19:53 +0000] \"POST /api/auth/sign-up HTTP/1.1\" 400 59 \"-\" \"HTTPie\"","service":"acquisitions-api","timestamp":"2025-11-03T23:19:53.738Z"}
{"level":"info","message":"::1 - - [03/Nov/2025:23:19:55 +0000] \"POST /api/auth/sign-up HTTP/1.1\" 400 59 \"-\" \"HTTPie\"","service":"acquisitions-api","timestamp":"2025-11-03T23:19:55.258Z"}
{"level":"info","message":"::1 - - [03/Nov/2025:23:19:55 +0000] \"POST /api/auth/sign-up HTTP/1.1\" 400 59 \"-\" \"HTTPie\"","service":"acquisitions-api","timestamp":"2025-11-03T23:19:55.424Z"}
{"level":"info","message":"::1 - - [03/Nov/2025:23:19:55 +0000] \"POST /api/auth/sign-up HTTP/1.1\" 400 59 \"-\" \"HTTPie\"","service":"acquisitions-api","timestamp":"2025-11-03T23:19:55.619Z"}
{"level":"info","message":"::1 - - [03/Nov/2025:23:19:55 +0000] \"POST /api/auth/sign-up HTTP/1.1\" 400 59 \"-\" \"HTTPie\"","service":"acquisitions-api","timestamp":"2025-11-03T23:19:55.789Z"}
{"level":"info","message":"::1 - - [03/Nov/2025:23:19:55 +0000] \"POST /api/auth/sign-up HTTP/1.1\" 400 59 \"-\" \"HTTPie\"","service":"acquisitions-api","timestamp":"2025-11-03T23:19:55.968Z"}
{"level":"info","message":"::1 - - [03/Nov/2025:23:19:56 +0000] \"POST /api/auth/sign-up HTTP/1.1\" 400 59 \"-\" \"HTTPie\"","service":"acquisitions-api","timestamp":"2025-11-03T23:19:56.155Z"}
{"level":"info","message":"Hello From acquisitions!","service":"acquisitions-api","timestamp":"2025-11-03T23:21:26.364Z"}
{"level":"info","message":"::1 - - [03/Nov/2025:23:21:26 +0000] \"GET / HTTP/1.1\" 304 - \"-\" \"Mozilla/5.0 (Windows NT 10.0; Win64; x64) AppleWebKit/537.36 (KHTML, like Gecko) Chrome/141.0.0.0 Safari/537.36\"","service":"acquisitions-api","timestamp":"2025-11-03T23:21:26.385Z"}
{"level":"info","message":"::1 - - [03/Nov/2025:23:21:33 +0000] \"POST / HTTP/1.1\" 404 140 \"-\" \"HTTPie\"","service":"acquisitions-api","timestamp":"2025-11-03T23:21:33.369Z"}
{"level":"info","message":"Hello From acquisitions!","service":"acquisitions-api","timestamp":"2025-11-03T23:21:37.478Z"}
{"level":"info","message":"::1 - - [03/Nov/2025:23:21:37 +0000] \"GET / HTTP/1.1\" 200 24 \"-\" \"HTTPie\"","service":"acquisitions-api","timestamp":"2025-11-03T23:21:37.480Z"}
{"level":"info","message":"::1 - - [03/Nov/2025:23:21:49 +0000] \"GET /api/auth/sign-up HTTP/1.1\" 404 155 \"-\" \"HTTPie\"","service":"acquisitions-api","timestamp":"2025-11-03T23:21:49.590Z"}
{"level":"info","message":"::1 - - [03/Nov/2025:23:21:53 +0000] \"POST /api/auth/sign-up HTTP/1.1\" 400 59 \"-\" \"HTTPie\"","service":"acquisitions-api","timestamp":"2025-11-03T23:21:53.519Z"}
{"level":"info","message":"::1 - - [03/Nov/2025:23:22:27 +0000] \"POST /api/auth/sign-up HTTP/1.1\" 400 59 \"-\" \"HTTPie\"","service":"acquisitions-api","timestamp":"2025-11-03T23:22:27.211Z"}
{"level":"info","message":"::1 - - [03/Nov/2025:23:26:07 +0000] \"POST /api/auth/sign-up HTTP/1.1\" 400 59 \"-\" \"HTTPie\"","service":"acquisitions-api","timestamp":"2025-11-03T23:26:07.581Z"}
{"level":"info","message":"::1 - - [03/Nov/2025:23:29:18 +0000] \"POST /health HTTP/1.1\" 404 146 \"-\" \"HTTPie\"","service":"acquisitions-api","timestamp":"2025-11-03T23:29:18.376Z"}
{"level":"info","message":"::1 - - [03/Nov/2025:23:29:23 +0000] \"GET /health HTTP/1.1\" 200 74 \"-\" \"HTTPie\"","service":"acquisitions-api","timestamp":"2025-11-03T23:29:23.984Z"}
{"level":"info","message":"::1 - - [03/Nov/2025:23:30:20 +0000] \"GET /api/auth/sign-up HTTP/1.1\" 404 155 \"-\" \"HTTPie\"","service":"acquisitions-api","timestamp":"2025-11-03T23:30:20.874Z"}
{"level":"info","message":"::1 - - [03/Nov/2025:23:30:25 +0000] \"POST /api/auth/sign-up HTTP/1.1\" 400 59 \"-\" \"HTTPie\"","service":"acquisitions-api","timestamp":"2025-11-03T23:30:25.299Z"}
{"level":"info","message":"::1 - - [03/Nov/2025:23:37:25 +0000] \"POST /api/auth/sign-up HTTP/1.1\" 400 59 \"-\" \"HTTPie\"","service":"acquisitions-api","timestamp":"2025-11-03T23:37:25.004Z"}
{"level":"info","message":"::1 - - [03/Nov/2025:23:39:29 +0000] \"POST /api/auth/sign-up HTTP/1.1\" 400 91 \"-\" \"HTTPie\"","service":"acquisitions-api","timestamp":"2025-11-03T23:39:29.471Z"}
{"level":"info","message":"User registered successfully hakim.tabakh@gmail.com","service":"acquisitions-api","timestamp":"2025-11-03T23:39:37.389Z"}
{"level":"info","message":"::1 - - [03/Nov/2025:23:39:37 +0000] \"POST /api/auth/sign-up HTTP/1.1\" 201 143 \"-\" \"HTTPie\"","service":"acquisitions-api","timestamp":"2025-11-03T23:39:37.392Z"}
{"level":"error","message":"Error creating user: TypeError: db.select is not a function","service":"acquisitions-api","timestamp":"2025-11-04T00:14:16.712Z"}
{"level":"error","message":"Error creating user: TypeError: db.select is not a function","service":"acquisitions-api","timestamp":"2025-11-04T00:15:23.980Z"}
{"level":"error","message":"Error creating user: TypeError: db.select is not a function","service":"acquisitions-api","timestamp":"2025-11-04T00:15:59.752Z"}
{"level":"info","message":"User registered successfully rayen@gmail.com","service":"acquisitions-api","timestamp":"2025-11-04T00:21:13.880Z"}
{"level":"info","message":"Hello From acquisitions!","service":"acquisitions-api","timestamp":"2025-11-04T00:22:45.572Z"}
{"level":"info","message":"::1 - - [04/Nov/2025:00:22:45 +0000] \"GET / HTTP/1.1\" 304 - \"-\" \"Mozilla/5.0 (Windows NT 10.0; Win64; x64) AppleWebKit/537.36 (KHTML, like Gecko) Chrome/141.0.0.0 Safari/537.36\"","service":"acquisitions-api","timestamp":"2025-11-04T00:22:45.603Z"}
{"level":"info","message":"User registered successfully iheb@gmail.com","service":"acquisitions-api","timestamp":"2025-11-04T00:23:06.854Z"}
{"level":"info","message":"User registered successfully ahmed@gmail.com","service":"acquisitions-api","timestamp":"2025-11-04T00:28:32.338Z"}
{"level":"info","message":"::1 - - [04/Nov/2025:00:28:32 +0000] \"POST /api/auth/sign-up HTTP/1.1\" 201 52 \"-\" \"HTTPie\"","service":"acquisitions-api","timestamp":"2025-11-04T00:28:32.349Z"}
{"level":"error","message":"Error hashing the password: Error: data and salt arguments required","service":"acquisitions-api","timestamp":"2025-11-04T00:28:33.211Z"}
{"level":"info","message":"Hello From acquisitions!","service":"acquisitions-api","timestamp":"2025-11-04T10:13:18.943Z"}
{"level":"info","message":"::1 - - [04/Nov/2025:10:13:18 +0000] \"GET / HTTP/1.1\" 200 24 \"-\" \"HTTPie\"","service":"acquisitions-api","timestamp":"2025-11-04T10:13:18.959Z"}
{"level":"info","message":"User registered successfully ahmed@gmail.com","service":"acquisitions-api","timestamp":"2025-11-04T10:13:36.272Z"}
{"level":"info","message":"::1 - - [04/Nov/2025:10:13:36 +0000] \"POST /api/auth/sign-up HTTP/1.1\" 201 52 \"-\" \"HTTPie\"","service":"acquisitions-api","timestamp":"2025-11-04T10:13:36.282Z"}
{"level":"error","message":"Error hashing the password: Error: data and salt arguments required","service":"acquisitions-api","timestamp":"2025-11-04T10:13:37.188Z"}
{"level":"info","message":"::1 - - [04/Nov/2025:10:15:11 +0000] \"POST /api/auth/sign-up HTTP/1.1\" 400 196 \"-\" \"HTTPie\"","service":"acquisitions-api","timestamp":"2025-11-04T10:15:11.577Z"}
{"level":"error","message":"Error creating user: TypeError: Cannot convert undefined or null to object","service":"acquisitions-api","timestamp":"2025-11-04T10:15:19.388Z"}
{"level":"error","message":"Signup error Cannot convert undefined or null to object","service":"acquisitions-api","stack":"TypeError: Cannot convert undefined or null to object\n    at Function.entries (<anonymous>)\n    at orderSelectedFields (file:///C:/Users/User/Desktop/PFE/develpmennt/acquisitions/node_modules/drizzle-orm/utils.js:53:17)\n    at file:///C:/Users/User/Desktop/PFE/develpmennt/acquisitions/node_modules/drizzle-orm/utils.js:63:22\n    at Array.reduce (<anonymous>)\n    at orderSelectedFields (file:///C:/Users/User/Desktop/PFE/develpmennt/acquisitions/node_modules/drizzle-orm/utils.js:53:33)\n    at QueryPromise.returning (file:///C:/Users/User/Desktop/PFE/develpmennt/acquisitions/node_modules/drizzle-orm/pg-core/query-builders/insert.js:75:29)\n    at createUser (file:///C:/Users/User/Desktop/PFE/develpmennt/acquisitions/src/services/auth.service.js:23:8)\n    at async signup (file:///C:/Users/User/Desktop/PFE/develpmennt/acquisitions/src/controllers/auth.controllers.js:20:18)","timestamp":"2025-11-04T10:15:19.390Z"}
{"level":"info","message":"::1 - - [04/Nov/2025:10:15:19 +0000] \"POST /api/auth/sign-up HTTP/1.1\" 500 1121 \"-\" \"HTTPie\"","service":"acquisitions-api","timestamp":"2025-11-04T10:15:19.393Z"}
{"level":"info","message":"User ahmed@gmail.comcreated successfully ","service":"acquisitions-api","timestamp":"2025-11-04T10:16:20.700Z"}
{"level":"info","message":"User registered successfully ahmed@gmail.com","service":"acquisitions-api","timestamp":"2025-11-04T10:16:20.710Z"}
{"level":"info","message":"::1 - - [04/Nov/2025:10:16:20 +0000] \"POST /api/auth/sign-up HTTP/1.1\" 201 114 \"-\" \"HTTPie\"","service":"acquisitions-api","timestamp":"2025-11-04T10:16:20.722Z"}
{"level":"info","message":"User rayen@gmail.comcreated successfully ","service":"acquisitions-api","timestamp":"2025-11-04T10:16:32.289Z"}
{"level":"info","message":"User registered successfully rayen@gmail.com","service":"acquisitions-api","timestamp":"2025-11-04T10:16:32.292Z"}
{"level":"info","message":"::1 - - [04/Nov/2025:10:16:32 +0000] \"POST /api/auth/sign-up HTTP/1.1\" 201 114 \"-\" \"HTTPie\"","service":"acquisitions-api","timestamp":"2025-11-04T10:16:32.294Z"}
{"level":"info","message":"User hakim@gmail.comcreated successfully ","service":"acquisitions-api","timestamp":"2025-11-04T10:17:05.954Z"}
{"level":"info","message":"User registered successfully hakim@gmail.com","service":"acquisitions-api","timestamp":"2025-11-04T10:17:05.958Z"}
{"level":"info","message":"::1 - - [04/Nov/2025:10:17:05 +0000] \"POST /api/auth/sign-up HTTP/1.1\" 201 114 \"-\" \"HTTPie\"","service":"acquisitions-api","timestamp":"2025-11-04T10:17:05.960Z"}
{"level":"info","message":"User hakim@gmail.com authenticated successfully","service":"acquisitions-api","timestamp":"2025-11-04T10:37:12.523Z"}
{"level":"info","message":"User signed in successfully hakim@gmail.com","service":"acquisitions-api","timestamp":"2025-11-04T10:37:12.533Z"}
{"level":"info","message":"::1 - - [04/Nov/2025:10:37:12 +0000] \"POST /api/auth/sign-in HTTP/1.1\" 200 113 \"-\" \"HTTPie\"","service":"acquisitions-api","timestamp":"2025-11-04T10:37:12.538Z"}
{"level":"info","message":"User signed out successfully","service":"acquisitions-api","timestamp":"2025-11-04T10:37:31.523Z"}
{"level":"info","message":"::1 - - [04/Nov/2025:10:37:31 +0000] \"POST /api/auth/sign-out HTTP/1.1\" 200 42 \"-\" \"HTTPie\"","service":"acquisitions-api","timestamp":"2025-11-04T10:37:31.526Z"}
